<?xml version="1.0" encoding="UTF-8" standalone="no"?>
<testsuite failures="1" name="cucumber.runtime.formatter.JUnitFormatter" skipped="0" tests="1" time="14.427684">
<testcase classname="Login" name="Login with invalid username and invalid password" time="14.427684">
<failure message="java.lang.AssertionError: A detailed report will be created at 'C:\arnab\CRAFT_Cucumber\CRAFT_Cucumber\target\test-classes\retest\recheck\cucumber.api.testng.AbstractTestNGCucumberTests.report'. You can review the details by using our CLI (https://github.com/retest/recheck.cli/) or GUI (https://retest.de/review/).&#10;&#10;3 check(s) in 'cucumber.api.testng.AbstractTestNGCucumberTests' found the following difference(s):&#10;Test 'feature' has 16 difference(s) in 3 state(s):&#10;00 resulted in:&#10;&#9;input (email-1) at 'html[1]/body[1]/div[1]/div[1]/div[1]/div[1]/div[1]/form[1]/div[1]/input[1]':&#10;&#9;&#9;id:&#10;&#9;&#9;  expected=&quot;username&quot;,&#10;&#9;&#9;    actual=&quot;email&quot;&#10;01 resulted in:&#10;&#9;Metadata Differences:&#10;&#9;  Please note that these differences do not affect the result and are not included in the difference count.&#10;&#9;&#9;window.height:&#10;&#9;&#9;  expected=&quot;806&quot;,&#10;&#9;&#9;    actual=&quot;840&quot;&#10;&#9;&#9;window.width:&#10;&#9;&#9;  expected=&quot;1051&quot;,&#10;&#9;&#9;    actual=&quot;1552&quot;&#10;&#9;html () at 'html[1]':&#10;&#9;&#9;outline:&#10;&#9;&#9;  expected=&quot;java.awt.Rectangle[x=0,y=0,width=1036,height=674]&quot;,&#10;&#9;&#9;    actual=&quot;java.awt.Rectangle[x=0,y=0,width=1536,height=710]&quot;&#10;&#9;div (login) at 'html[1]/body[1]/div[1]':&#10;&#9;&#9;outline:&#10;&#9;&#9;  expected=&quot;java.awt.Rectangle[x=0,y=0,width=0,height=-145]&quot;,&#10;&#9;&#9;    actual=&quot;java.awt.Rectangle[x=0,y=0,width=0,height=-181]&quot;&#10;&#9;div (div) at 'html[1]/body[1]/div[1]/div[1]':&#10;&#9;&#9;outline:&#10;&#9;&#9;  expected=&quot;java.awt.Rectangle[x=38,y=90,width=-76,height=-90]&quot;,&#10;&#9;&#9;    actual=&quot;java.awt.Rectangle[x=198,y=90,width=-396,height=-90]&quot;&#10;&#9;&#9;margin-left:&#10;&#9;&#9;  expected=&quot;38px&quot;,&#10;&#9;&#9;    actual=&quot;198px&quot;&#10;&#9;&#9;margin-right:&#10;&#9;&#9;  expected=&quot;38px&quot;,&#10;&#9;&#9;    actual=&quot;198px&quot;&#10;&#9;&#9;max-width:&#10;&#9;&#9;  expected=&quot;960px&quot;,&#10;&#9;&#9;    actual=&quot;1140px&quot;&#10;&#9;div (logincolumn) at 'html[1]/body[1]/div[1]/div[1]/div[1]/div[1]':&#10;&#9;&#9;outline:&#10;&#9;&#9;  expected=&quot;java.awt.Rectangle[x=240,y=0,width=-480,height=0]&quot;,&#10;&#9;&#9;    actual=&quot;java.awt.Rectangle[x=285,y=0,width=-570,height=0]&quot;&#10;&#9;label (email) at 'html[1]/body[1]/div[1]/div[1]/div[1]/div[1]/div[1]/form[1]/div[1]/label[1]':&#10;&#9;&#9;outline:&#10;&#9;&#9;  expected=&quot;java.awt.Rectangle[x=0,y=0,width=-337,height=-46]&quot;,&#10;&#9;&#9;    actual=&quot;java.awt.Rectangle[x=0,y=0,width=-427,height=-46]&quot;&#10;&#9;br (br) at 'html[1]/body[1]/div[1]/div[1]/div[1]/div[1]/div[1]/form[1]/div[1]/br[1]':&#10;&#9;&#9;outline:&#10;&#9;&#9;  expected=&quot;java.awt.Rectangle[x=41,y=18,width=-378,height=-70]&quot;,&#10;&#9;&#9;    actual=&quot;java.awt.Rectangle[x=41,y=18,width=-468,height=-70]&quot;&#10;&#9;input (email-1) at 'html[1]/body[1]/div[1]/div[1]/div[1]/div[1]/div[1]/form[1]/div[1]/input[1]':&#10;&#9;&#9;id:&#10;&#9;&#9;  expected=&quot;username&quot;,&#10;&#9;&#9;    actual=&quot;email&quot;&#10;&#9;label (password) at 'html[1]/body[1]/div[1]/div[1]/div[1]/div[1]/div[1]/form[1]/div[2]/label[1]':&#10;&#9;&#9;outline:&#10;&#9;&#9;  expected=&quot;java.awt.Rectangle[x=0,y=0,width=-308,height=-46]&quot;,&#10;&#9;&#9;    actual=&quot;java.awt.Rectangle[x=0,y=0,width=-398,height=-46]&quot;&#10;&#9;br (br-1) at 'html[1]/body[1]/div[1]/div[1]/div[1]/div[1]/div[1]/form[1]/div[2]/br[1]':&#10;&#9;&#9;outline:&#10;&#9;&#9;  expected=&quot;java.awt.Rectangle[x=70,y=18,width=-378,height=-70]&quot;,&#10;&#9;&#9;    actual=&quot;java.awt.Rectangle[x=70,y=18,width=-468,height=-70]&quot;&#10;&#9;label (label) at 'html[1]/body[1]/div[1]/div[1]/div[1]/div[1]/div[1]/form[1]/div[3]/label[1]':&#10;&#9;&#9;outline:&#10;&#9;&#9;  expected=&quot;java.awt.Rectangle[x=0,y=0,width=-258,height=-46]&quot;,&#10;&#9;&#9;    actual=&quot;java.awt.Rectangle[x=0,y=0,width=-348,height=-46]&quot;&#10;&#9;br (br-2) at 'html[1]/body[1]/div[1]/div[1]/div[1]/div[1]/div[1]/form[1]/div[3]/br[1]':&#10;&#9;&#9;outline:&#10;&#9;&#9;  expected=&quot;java.awt.Rectangle[x=120,y=18,width=-378,height=-70]&quot;,&#10;&#9;&#9;    actual=&quot;java.awt.Rectangle[x=120,y=18,width=-468,height=-70]&quot;&#10;&#9;input (submit) at 'html[1]/body[1]/div[1]/div[1]/div[1]/div[1]/div[1]/form[1]/div[3]/input[1]':&#10;&#9;&#9;outline:&#10;&#9;&#9;  expected=&quot;java.awt.Rectangle[x=0,y=32,width=-304,height=-32]&quot;,&#10;&#9;&#9;    actual=&quot;java.awt.Rectangle[x=0,y=32,width=-394,height=-32]&quot;&#10;&#9;a (register_here) at 'html[1]/body[1]/div[1]/div[1]/div[1]/div[1]/div[1]/form[1]/div[4]/a[1]':&#10;&#9;&#9;outline:&#10;&#9;&#9;  expected=&quot;java.awt.Rectangle[x=285,y=1,width=-285,height=-2]&quot;,&#10;&#9;&#9;    actual=&quot;java.awt.Rectangle[x=375,y=1,width=-375,height=-2]&quot;&#10;02 resulted in:&#10;&#9;Metadata Differences:&#10;&#9;  Please note that these differences do not affect the result and are not included in the difference count.&#10;&#9;&#9;window.height:&#10;&#9;&#9;  expected=&quot;806&quot;,&#10;&#9;&#9;    actual=&quot;840&quot;&#10;&#9;&#9;window.width:&#10;&#9;&#9;  expected=&quot;1051&quot;,&#10;&#9;&#9;    actual=&quot;1552&quot;&#10;&#9;html () at 'html[1]':&#10;&#9;&#9;outline:&#10;&#9;&#9;  expected=&quot;java.awt.Rectangle[x=0,y=0,width=1036,height=674]&quot;,&#10;&#9;&#9;    actual=&quot;java.awt.Rectangle[x=0,y=0,width=1536,height=710]&quot;&#10;&#9;div (login) at 'html[1]/body[1]/div[1]':&#10;&#9;&#9;outline:&#10;&#9;&#9;  expected=&quot;java.awt.Rectangle[x=0,y=0,width=0,height=-145]&quot;,&#10;&#9;&#9;    actual=&quot;java.awt.Rectangle[x=0,y=0,width=0,height=-181]&quot;&#10;&#9;div (div) at 'html[1]/body[1]/div[1]/div[1]':&#10;&#9;&#9;outline:&#10;&#9;&#9;  expected=&quot;java.awt.Rectangle[x=38,y=90,width=-76,height=-90]&quot;,&#10;&#9;&#9;    actual=&quot;java.awt.Rectangle[x=198,y=90,width=-396,height=-90]&quot;&#10;&#9;&#9;margin-left:&#10;&#9;&#9;  expected=&quot;38px&quot;,&#10;&#9;&#9;    actual=&quot;198px&quot;&#10;&#9;&#9;margin-right:&#10;&#9;&#9;  expected=&quot;38px&quot;,&#10;&#9;&#9;    actual=&quot;198px&quot;&#10;&#9;&#9;max-width:&#10;&#9;&#9;  expected=&quot;960px&quot;,&#10;&#9;&#9;    actual=&quot;1140px&quot;&#10;&#9;div (logincolumn) at 'html[1]/body[1]/div[1]/div[1]/div[1]/div[1]':&#10;&#9;&#9;outline:&#10;&#9;&#9;  expected=&quot;java.awt.Rectangle[x=240,y=0,width=-480,height=0]&quot;,&#10;&#9;&#9;    actual=&quot;java.awt.Rectangle[x=285,y=0,width=-570,height=0]&quot;&#10;&#9;label (email) at 'html[1]/body[1]/div[1]/div[1]/div[1]/div[1]/div[1]/form[1]/div[1]/label[1]':&#10;&#9;&#9;outline:&#10;&#9;&#9;  expected=&quot;java.awt.Rectangle[x=0,y=0,width=-337,height=-46]&quot;,&#10;&#9;&#9;    actual=&quot;java.awt.Rectangle[x=0,y=0,width=-427,height=-46]&quot;&#10;&#9;br (br) at 'html[1]/body[1]/div[1]/div[1]/div[1]/div[1]/div[1]/form[1]/div[1]/br[1]':&#10;&#9;&#9;outline:&#10;&#9;&#9;  expected=&quot;java.awt.Rectangle[x=41,y=18,width=-378,height=-70]&quot;,&#10;&#9;&#9;    actual=&quot;java.awt.Rectangle[x=41,y=18,width=-468,height=-70]&quot;&#10;&#9;input (email-1) at 'html[1]/body[1]/div[1]/div[1]/div[1]/div[1]/div[1]/form[1]/div[1]/input[1]':&#10;&#9;&#9;id:&#10;&#9;&#9;  expected=&quot;username&quot;,&#10;&#9;&#9;    actual=&quot;email&quot;&#10;&#9;label (password) at 'html[1]/body[1]/div[1]/div[1]/div[1]/div[1]/div[1]/form[1]/div[2]/label[1]':&#10;&#9;&#9;outline:&#10;&#9;&#9;  expected=&quot;java.awt.Rectangle[x=0,y=0,width=-308,height=-46]&quot;,&#10;&#9;&#9;    actual=&quot;java.awt.Rectangle[x=0,y=0,width=-398,height=-46]&quot;&#10;&#9;br (br-1) at 'html[1]/body[1]/div[1]/div[1]/div[1]/div[1]/div[1]/form[1]/div[2]/br[1]':&#10;&#9;&#9;outline:&#10;&#9;&#9;  expected=&quot;java.awt.Rectangle[x=70,y=18,width=-378,height=-70]&quot;,&#10;&#9;&#9;    actual=&quot;java.awt.Rectangle[x=70,y=18,width=-468,height=-70]&quot;&#10;&#9;label (label) at 'html[1]/body[1]/div[1]/div[1]/div[1]/div[1]/div[1]/form[1]/div[3]/label[1]':&#10;&#9;&#9;outline:&#10;&#9;&#9;  expected=&quot;java.awt.Rectangle[x=0,y=0,width=-258,height=-46]&quot;,&#10;&#9;&#9;    actual=&quot;java.awt.Rectangle[x=0,y=0,width=-348,height=-46]&quot;&#10;&#9;br (br-2) at 'html[1]/body[1]/div[1]/div[1]/div[1]/div[1]/div[1]/form[1]/div[3]/br[1]':&#10;&#9;&#9;outline:&#10;&#9;&#9;  expected=&quot;java.awt.Rectangle[x=120,y=18,width=-378,height=-70]&quot;,&#10;&#9;&#9;    actual=&quot;java.awt.Rectangle[x=120,y=18,width=-468,height=-70]&quot;&#10;&#9;input (submit) at 'html[1]/body[1]/div[1]/div[1]/div[1]/div[1]/div[1]/form[1]/div[3]/input[1]':&#10;&#9;&#9;outline:&#10;&#9;&#9;  expected=&quot;java.awt.Rectangle[x=0,y=32,width=-304,height=-32]&quot;,&#10;&#9;&#9;    actual=&quot;java.awt.Rectangle[x=0,y=32,width=-394,height=-32]&quot;&#10;&#9;a (register_here) at 'html[1]/body[1]/div[1]/div[1]/div[1]/div[1]/div[1]/form[1]/div[4]/a[1]':&#10;&#9;&#9;outline:&#10;&#9;&#9;  expected=&quot;java.awt.Rectangle[x=285,y=1,width=-285,height=-2]&quot;,&#10;&#9;&#9;    actual=&quot;java.awt.Rectangle[x=375,y=1,width=-375,height=-2]&quot;&#13;&#10;&#9;at de.retest.recheck.RecheckImpl.capTest(RecheckImpl.java:189)&#13;&#10;&#9;at de.retest.web.selenium.AutocheckingRecheckDriver.capTest(AutocheckingRecheckDriver.java:84)&#13;&#10;&#9;at com.CucumberCraft.pageObjects.LoginPage.login(LoginPage.java:35)&#13;&#10;&#9;at com.CucumberCraft.stepDefinitions.LoginStepDefs.i_login_using_invalid_username_invalid_password(LoginStepDefs.java:26)&#13;&#10;&#9;at ✽.When I login using the invalid username abc and the invalid password xyz(Login.feature:8)&#13;&#10;"><![CDATA[When I login using the invalid username abc and the invalid password xyz....failed

StackTrace:
java.lang.AssertionError: A detailed report will be created at 'C:\arnab\CRAFT_Cucumber\CRAFT_Cucumber\target\test-classes\retest\recheck\cucumber.api.testng.AbstractTestNGCucumberTests.report'. You can review the details by using our CLI (https://github.com/retest/recheck.cli/) or GUI (https://retest.de/review/).

3 check(s) in 'cucumber.api.testng.AbstractTestNGCucumberTests' found the following difference(s):
Test 'feature' has 16 difference(s) in 3 state(s):
00 resulted in:
	input (email-1) at 'html[1]/body[1]/div[1]/div[1]/div[1]/div[1]/div[1]/form[1]/div[1]/input[1]':
		id:
		  expected="username",
		    actual="email"
01 resulted in:
	Metadata Differences:
	  Please note that these differences do not affect the result and are not included in the difference count.
		window.height:
		  expected="806",
		    actual="840"
		window.width:
		  expected="1051",
		    actual="1552"
	html () at 'html[1]':
		outline:
		  expected="java.awt.Rectangle[x=0,y=0,width=1036,height=674]",
		    actual="java.awt.Rectangle[x=0,y=0,width=1536,height=710]"
	div (login) at 'html[1]/body[1]/div[1]':
		outline:
		  expected="java.awt.Rectangle[x=0,y=0,width=0,height=-145]",
		    actual="java.awt.Rectangle[x=0,y=0,width=0,height=-181]"
	div (div) at 'html[1]/body[1]/div[1]/div[1]':
		outline:
		  expected="java.awt.Rectangle[x=38,y=90,width=-76,height=-90]",
		    actual="java.awt.Rectangle[x=198,y=90,width=-396,height=-90]"
		margin-left:
		  expected="38px",
		    actual="198px"
		margin-right:
		  expected="38px",
		    actual="198px"
		max-width:
		  expected="960px",
		    actual="1140px"
	div (logincolumn) at 'html[1]/body[1]/div[1]/div[1]/div[1]/div[1]':
		outline:
		  expected="java.awt.Rectangle[x=240,y=0,width=-480,height=0]",
		    actual="java.awt.Rectangle[x=285,y=0,width=-570,height=0]"
	label (email) at 'html[1]/body[1]/div[1]/div[1]/div[1]/div[1]/div[1]/form[1]/div[1]/label[1]':
		outline:
		  expected="java.awt.Rectangle[x=0,y=0,width=-337,height=-46]",
		    actual="java.awt.Rectangle[x=0,y=0,width=-427,height=-46]"
	br (br) at 'html[1]/body[1]/div[1]/div[1]/div[1]/div[1]/div[1]/form[1]/div[1]/br[1]':
		outline:
		  expected="java.awt.Rectangle[x=41,y=18,width=-378,height=-70]",
		    actual="java.awt.Rectangle[x=41,y=18,width=-468,height=-70]"
	input (email-1) at 'html[1]/body[1]/div[1]/div[1]/div[1]/div[1]/div[1]/form[1]/div[1]/input[1]':
		id:
		  expected="username",
		    actual="email"
	label (password) at 'html[1]/body[1]/div[1]/div[1]/div[1]/div[1]/div[1]/form[1]/div[2]/label[1]':
		outline:
		  expected="java.awt.Rectangle[x=0,y=0,width=-308,height=-46]",
		    actual="java.awt.Rectangle[x=0,y=0,width=-398,height=-46]"
	br (br-1) at 'html[1]/body[1]/div[1]/div[1]/div[1]/div[1]/div[1]/form[1]/div[2]/br[1]':
		outline:
		  expected="java.awt.Rectangle[x=70,y=18,width=-378,height=-70]",
		    actual="java.awt.Rectangle[x=70,y=18,width=-468,height=-70]"
	label (label) at 'html[1]/body[1]/div[1]/div[1]/div[1]/div[1]/div[1]/form[1]/div[3]/label[1]':
		outline:
		  expected="java.awt.Rectangle[x=0,y=0,width=-258,height=-46]",
		    actual="java.awt.Rectangle[x=0,y=0,width=-348,height=-46]"
	br (br-2) at 'html[1]/body[1]/div[1]/div[1]/div[1]/div[1]/div[1]/form[1]/div[3]/br[1]':
		outline:
		  expected="java.awt.Rectangle[x=120,y=18,width=-378,height=-70]",
		    actual="java.awt.Rectangle[x=120,y=18,width=-468,height=-70]"
	input (submit) at 'html[1]/body[1]/div[1]/div[1]/div[1]/div[1]/div[1]/form[1]/div[3]/input[1]':
		outline:
		  expected="java.awt.Rectangle[x=0,y=32,width=-304,height=-32]",
		    actual="java.awt.Rectangle[x=0,y=32,width=-394,height=-32]"
	a (register_here) at 'html[1]/body[1]/div[1]/div[1]/div[1]/div[1]/div[1]/form[1]/div[4]/a[1]':
		outline:
		  expected="java.awt.Rectangle[x=285,y=1,width=-285,height=-2]",
		    actual="java.awt.Rectangle[x=375,y=1,width=-375,height=-2]"
02 resulted in:
	Metadata Differences:
	  Please note that these differences do not affect the result and are not included in the difference count.
		window.height:
		  expected="806",
		    actual="840"
		window.width:
		  expected="1051",
		    actual="1552"
	html () at 'html[1]':
		outline:
		  expected="java.awt.Rectangle[x=0,y=0,width=1036,height=674]",
		    actual="java.awt.Rectangle[x=0,y=0,width=1536,height=710]"
	div (login) at 'html[1]/body[1]/div[1]':
		outline:
		  expected="java.awt.Rectangle[x=0,y=0,width=0,height=-145]",
		    actual="java.awt.Rectangle[x=0,y=0,width=0,height=-181]"
	div (div) at 'html[1]/body[1]/div[1]/div[1]':
		outline:
		  expected="java.awt.Rectangle[x=38,y=90,width=-76,height=-90]",
		    actual="java.awt.Rectangle[x=198,y=90,width=-396,height=-90]"
		margin-left:
		  expected="38px",
		    actual="198px"
		margin-right:
		  expected="38px",
		    actual="198px"
		max-width:
		  expected="960px",
		    actual="1140px"
	div (logincolumn) at 'html[1]/body[1]/div[1]/div[1]/div[1]/div[1]':
		outline:
		  expected="java.awt.Rectangle[x=240,y=0,width=-480,height=0]",
		    actual="java.awt.Rectangle[x=285,y=0,width=-570,height=0]"
	label (email) at 'html[1]/body[1]/div[1]/div[1]/div[1]/div[1]/div[1]/form[1]/div[1]/label[1]':
		outline:
		  expected="java.awt.Rectangle[x=0,y=0,width=-337,height=-46]",
		    actual="java.awt.Rectangle[x=0,y=0,width=-427,height=-46]"
	br (br) at 'html[1]/body[1]/div[1]/div[1]/div[1]/div[1]/div[1]/form[1]/div[1]/br[1]':
		outline:
		  expected="java.awt.Rectangle[x=41,y=18,width=-378,height=-70]",
		    actual="java.awt.Rectangle[x=41,y=18,width=-468,height=-70]"
	input (email-1) at 'html[1]/body[1]/div[1]/div[1]/div[1]/div[1]/div[1]/form[1]/div[1]/input[1]':
		id:
		  expected="username",
		    actual="email"
	label (password) at 'html[1]/body[1]/div[1]/div[1]/div[1]/div[1]/div[1]/form[1]/div[2]/label[1]':
		outline:
		  expected="java.awt.Rectangle[x=0,y=0,width=-308,height=-46]",
		    actual="java.awt.Rectangle[x=0,y=0,width=-398,height=-46]"
	br (br-1) at 'html[1]/body[1]/div[1]/div[1]/div[1]/div[1]/div[1]/form[1]/div[2]/br[1]':
		outline:
		  expected="java.awt.Rectangle[x=70,y=18,width=-378,height=-70]",
		    actual="java.awt.Rectangle[x=70,y=18,width=-468,height=-70]"
	label (label) at 'html[1]/body[1]/div[1]/div[1]/div[1]/div[1]/div[1]/form[1]/div[3]/label[1]':
		outline:
		  expected="java.awt.Rectangle[x=0,y=0,width=-258,height=-46]",
		    actual="java.awt.Rectangle[x=0,y=0,width=-348,height=-46]"
	br (br-2) at 'html[1]/body[1]/div[1]/div[1]/div[1]/div[1]/div[1]/form[1]/div[3]/br[1]':
		outline:
		  expected="java.awt.Rectangle[x=120,y=18,width=-378,height=-70]",
		    actual="java.awt.Rectangle[x=120,y=18,width=-468,height=-70]"
	input (submit) at 'html[1]/body[1]/div[1]/div[1]/div[1]/div[1]/div[1]/form[1]/div[3]/input[1]':
		outline:
		  expected="java.awt.Rectangle[x=0,y=32,width=-304,height=-32]",
		    actual="java.awt.Rectangle[x=0,y=32,width=-394,height=-32]"
	a (register_here) at 'html[1]/body[1]/div[1]/div[1]/div[1]/div[1]/div[1]/form[1]/div[4]/a[1]':
		outline:
		  expected="java.awt.Rectangle[x=285,y=1,width=-285,height=-2]",
		    actual="java.awt.Rectangle[x=375,y=1,width=-375,height=-2]"
	at de.retest.recheck.RecheckImpl.capTest(RecheckImpl.java:189)
	at de.retest.web.selenium.AutocheckingRecheckDriver.capTest(AutocheckingRecheckDriver.java:84)
	at com.CucumberCraft.pageObjects.LoginPage.login(LoginPage.java:35)
	at com.CucumberCraft.stepDefinitions.LoginStepDefs.i_login_using_invalid_username_invalid_password(LoginStepDefs.java:26)
	at ✽.When I login using the invalid username abc and the invalid password xyz(Login.feature:8)
]]></failure>
</testcase>
</testsuite>
